TN:
SF:C:\Users\Quinn\Documents\Coding\Subterfuge\Remake-Website\src\pages\Home.vue
FNF:0
FNH:0
LF:0
LH:0
BRF:0
BRH:0
end_of_record
TN:
SF:C:\Users\Quinn\Documents\Coding\Subterfuge\Remake-Website\test\testSetup.js
FNF:0
FNH:0
DA:1,1
DA:3,1
LF:2
LH:2
BRF:0
BRH:0
end_of_record
TN:
SF:C:\Users\Quinn\Documents\Coding\Subterfuge\Remake-Website\test\components\home.test.js
FN:9,(anonymous_0)
FN:12,(anonymous_1)
FN:18,(anonymous_2)
FNF:3
FNH:3
FNDA:1,(anonymous_0)
FNDA:1,(anonymous_1)
FNDA:1,(anonymous_2)
DA:6,1
DA:7,1
DA:9,1
DA:12,1
DA:13,1
DA:18,1
DA:19,1
DA:20,1
LF:8
LH:8
BRF:0
BRH:0
end_of_record
